2025-05-03 18:35:18,440 WARNING  twitter_scanner: Ошибка при проверке зеркала https://nitter.gl-pillet.fr: HTTPSConnectionPool(host='nitter.gl-pillet.fr', port=443): Max retries exceeded with url: /search?f=tweets&q=crypto (Caused by NewConnectionError('<urllib3.connection.HTTPSConnection object at 0x7f4f4c1f0310>: Failed to establish a new connection: [Errno 101] Network is unreachable'))
2025-05-03 18:35:21,857 WARNING  twitter_scanner: Ошибка при проверке зеркала https://nitter.mint.lgbt: HTTPSConnectionPool(host='nitter.mint.lgbt', port=443): Max retries exceeded with url: /search?f=tweets&q=crypto (Caused by NameResolutionError("<urllib3.connection.HTTPSConnection object at 0x7f4f4c211910>: Failed to resolve 'nitter.mint.lgbt' ([Errno -2] Name or service not known)"))
2025-05-03 18:35:24,155 WARNING  twitter_scanner: Ошибка при проверке зеркала https://nitter.my.id: HTTPSConnectionPool(host='nitter.my.id', port=443): Max retries exceeded with url: /search?f=tweets&q=crypto (Caused by NameResolutionError("<urllib3.connection.HTTPSConnection object at 0x7f4f4c210950>: Failed to resolve 'nitter.my.id' ([Errno -2] Name or service not known)"))
2025-05-03 18:35:24,966 WARNING  twitter_scanner: Ошибка при проверке зеркала https://nitter.onion.love: HTTPSConnectionPool(host='nitter.onion.love', port=443): Max retries exceeded with url: /search?f=tweets&q=crypto (Caused by NameResolutionError("<urllib3.connection.HTTPSConnection object at 0x7f4f4c1fc610>: Failed to resolve 'nitter.onion.love' ([Errno -2] Name or service not known)"))
2025-05-03 18:35:25,632 WARNING  twitter_scanner: Ошибка при проверке зеркала https://nitter.plutonic.tk: HTTPSConnectionPool(host='nitter.plutonic.tk', port=443): Max retries exceeded with url: /search?f=tweets&q=crypto (Caused by NameResolutionError("<urllib3.connection.HTTPSConnection object at 0x7f4f4c2150d0>: Failed to resolve 'nitter.plutonic.tk' ([Errno -2] Name or service not known)"))
2025-05-03 18:35:30,172 INFO     twitter_scanner: scan_twitter: Trying mirror: https://nitter.privacydev.net
2025-05-03 18:35:30,173 INFO     twitter_scanner: Fetching: https://nitter.privacydev.net/search?f=tweets&q=%27a16z%27%20OR%20%27binance%20labs%27%20OR%20%27paradigm%27%20OR%20%27testnet%27%20OR%20%27zk%27%20OR%20%27l2%27%20OR%20%27galxe%27%20OR%20%27zealy%27%20OR%20%27points%27%20OR%20%27farm%27%20OR%20%27airdrop%27%20since%3A2025-04-26
2025-05-03 18:35:30,804 INFO     twitter_scanner: Status: 429, Length: 577
2025-05-03 18:35:30,805 WARNING  twitter_scanner: Rate limited, skipping mirror
2025-05-03 18:35:30,805 INFO     twitter_scanner: scan_twitter: Trying mirror: https://nitter.aishiteiru.moe
2025-05-03 18:35:30,805 INFO     twitter_scanner: Fetching: https://nitter.aishiteiru.moe/search?f=tweets&q=%27a16z%27%20OR%20%27binance%20labs%27%20OR%20%27paradigm%27%20OR%20%27testnet%27%20OR%20%27zk%27%20OR%20%27l2%27%20OR%20%27galxe%27%20OR%20%27zealy%27%20OR%20%27points%27%20OR%20%27farm%27%20OR%20%27airdrop%27%20since%3A2025-04-26
2025-05-03 18:35:31,809 INFO     twitter_scanner: Status: 200, Length: 42679
2025-05-03 18:35:31,881 INFO     twitter_scanner: Success: https://nitter.aishiteiru.moe/search?f=tweets&q=%27a16z%27%20OR%20%27binance%20labs%27%20OR%20%27paradigm%27%20OR%20%27testnet%27%20OR%20%27zk%27%20OR%20%27l2%27%20OR%20%27galxe%27%20OR%20%27zealy%27%20OR%20%27points%27%20OR%20%27farm%27%20OR%20%27airdrop%27%20since%3A2025-04-26
2025-05-03 18:35:31,903 INFO     twitter_scanner: tweet_date: May 1, 2025 · 4:54 AM UTC
2025-05-03 18:35:36,926 INFO     twitter_scanner: fetch_profile_info: Trying https://nitter.privacydev.net/MetawhaleGlobal
2025-05-03 18:35:37,563 WARNING  twitter_scanner: fetch_profile_info: Error on https://nitter.privacydev.net: 429 Client Error: Too Many Requests for url: https://nitter.privacydev.net/MetawhaleGlobal
2025-05-03 18:35:38,566 INFO     twitter_scanner: fetch_profile_info: Trying https://nitter.aishiteiru.moe/MetawhaleGlobal
2025-05-03 18:35:38,751 INFO     twitter_scanner: fetch_profile_info: bio='Welcome to Meta whale Family#A...', created=2023-01-13 08:33:00, tweets_count=12659
2025-05-03 18:35:38,757 INFO     twitter_scanner: > FILTER_ACCOUNT_AGE_MAX_DAYS - continue
2025-05-03 18:35:38,760 INFO     twitter_scanner: tweet_date: May 3, 2025 · 6:34 PM UTC
2025-05-03 18:35:43,763 INFO     twitter_scanner: fetch_profile_info: Trying https://nitter.privacydev.net/dimce_MKD
2025-05-03 18:35:44,718 WARNING  twitter_scanner: fetch_profile_info: Error on https://nitter.privacydev.net: 429 Client Error: Too Many Requests for url: https://nitter.privacydev.net/dimce_MKD
2025-05-03 18:35:45,719 INFO     twitter_scanner: fetch_profile_info: Trying https://nitter.aishiteiru.moe/dimce_MKD
2025-05-03 18:35:46,876 INFO     twitter_scanner: fetch_profile_info: bio='...', created=2015-02-15 23:34:00, tweets_count=818
2025-05-03 18:35:46,879 INFO     twitter_scanner: > FILTER_ACCOUNT_AGE_MAX_DAYS - continue
2025-05-03 18:35:46,882 INFO     twitter_scanner: tweet_date: May 3, 2025 · 6:34 PM UTC
2025-05-03 18:35:51,889 INFO     twitter_scanner: fetch_profile_info: Trying https://nitter.privacydev.net/cryptolive54m
2025-05-03 18:35:52,757 WARNING  twitter_scanner: fetch_profile_info: Error on https://nitter.privacydev.net: 429 Client Error: Too Many Requests for url: https://nitter.privacydev.net/cryptolive54m
2025-05-03 18:35:53,760 INFO     twitter_scanner: fetch_profile_info: Trying https://nitter.aishiteiru.moe/cryptolive54m
2025-05-03 18:35:55,069 INFO     twitter_scanner: fetch_profile_info: bio='🌐 Live Crypto News | 📈 Market ...', created=2025-03-21 16:35:00, tweets_count=314
2025-05-03 18:35:55,072 INFO     twitter_scanner: > FILTER_ACCOUNT_AGE_MAX_DAYS - continue
2025-05-03 18:35:55,074 INFO     twitter_scanner: tweet_date: May 3, 2025 · 6:34 PM UTC
2025-05-03 18:36:00,077 INFO     twitter_scanner: fetch_profile_info: Trying https://nitter.privacydev.net/iamberzio
2025-05-03 18:36:01,251 WARNING  twitter_scanner: fetch_profile_info: Error on https://nitter.privacydev.net: 429 Client Error: Too Many Requests for url: https://nitter.privacydev.net/iamberzio
2025-05-03 18:36:02,256 INFO     twitter_scanner: fetch_profile_info: Trying https://nitter.aishiteiru.moe/iamberzio
2025-05-03 18:36:03,803 INFO     twitter_scanner: fetch_profile_info: bio='Web 3 Researcher || Alpha Hunt...', created=2023-11-09 15:54:00, tweets_count=16512
2025-05-03 18:36:03,807 INFO     twitter_scanner: > FILTER_ACCOUNT_AGE_MAX_DAYS - continue
2025-05-03 18:36:03,812 INFO     twitter_scanner: tweet_date: May 3, 2025 · 5:40 AM UTC
2025-05-03 18:36:08,816 INFO     twitter_scanner: fetch_profile_info: Trying https://nitter.privacydev.net/Crypto4bailout
2025-05-03 18:36:08,219 WARNING  twitter_scanner: fetch_profile_info: Error on https://nitter.privacydev.net: 429 Client Error: Too Many Requests for url: https://nitter.privacydev.net/Crypto4bailout
2025-05-03 18:36:09,219 INFO     twitter_scanner: fetch_profile_info: Trying https://nitter.aishiteiru.moe/Crypto4bailout
2025-05-03 18:36:10,723 INFO     twitter_scanner: fetch_profile_info: bio='Crypto is freedom.💪| From$0- 6...', created=2018-07-06 21:23:00, tweets_count=41222
2025-05-03 18:36:10,730 INFO     twitter_scanner: > FILTER_ACCOUNT_AGE_MAX_DAYS - continue
2025-05-03 18:36:10,733 INFO     twitter_scanner: tweet_date: May 3, 2025 · 6:34 PM UTC
2025-05-03 18:36:15,736 INFO     twitter_scanner: fetch_profile_info: Trying https://nitter.privacydev.net/Panalsow
2025-05-03 18:36:16,397 WARNING  twitter_scanner: fetch_profile_info: Error on https://nitter.privacydev.net: 429 Client Error: Too Many Requests for url: https://nitter.privacydev.net/Panalsow
2025-05-03 18:36:17,403 INFO     twitter_scanner: fetch_profile_info: Trying https://nitter.aishiteiru.moe/Panalsow
2025-05-03 18:36:18,334 INFO     twitter_scanner: fetch_profile_info: bio='Crypto is boost...', created=2025-04-07 08:18:00, tweets_count=13
2025-05-03 18:36:18,338 INFO     twitter_scanner: > FILTER_TWEETS_MAX - continue
2025-05-03 18:36:18,340 INFO     twitter_scanner: tweet_date: May 3, 2025 · 6:33 PM UTC
2025-05-03 18:36:23,342 INFO     twitter_scanner: fetch_profile_info: Trying https://nitter.privacydev.net/OliviaRose300
2025-05-03 18:36:24,132 WARNING  twitter_scanner: fetch_profile_info: Error on https://nitter.privacydev.net: 429 Client Error: Too Many Requests for url: https://nitter.privacydev.net/OliviaRose300
2025-05-03 18:36:25,134 INFO     twitter_scanner: fetch_profile_info: Trying https://nitter.aishiteiru.moe/OliviaRose300
2025-05-03 18:36:26,615 INFO     twitter_scanner: fetch_profile_info: bio='Have Research On$SXCH$WSM$ZPAY...', created=2023-09-28 06:14:00, tweets_count=1199
2025-05-03 18:36:26,618 INFO     twitter_scanner: > FILTER_ACCOUNT_AGE_MAX_DAYS - continue
2025-05-03 18:36:26,619 INFO     twitter_scanner: tweet_date: Apr 23, 2025 · 1:02 PM UTC
2025-05-03 18:36:26,620 INFO     twitter_scanner: age_tweet_days > FILTER_AGE_TWEET_DAYS_MAX - continue
2025-05-03 18:36:26,621 INFO     twitter_scanner: tweet_date: May 3, 2025 · 1:08 PM UTC
2025-05-03 18:36:31,624 INFO     twitter_scanner: fetch_profile_info: Trying https://nitter.privacydev.net/AirdropNinjaPro
2025-05-03 18:36:32,205 WARNING  twitter_scanner: fetch_profile_info: Error on https://nitter.privacydev.net: 429 Client Error: Too Many Requests for url: https://nitter.privacydev.net/AirdropNinjaPro
2025-05-03 18:36:33,218 INFO     twitter_scanner: fetch_profile_info: Trying https://nitter.aishiteiru.moe/AirdropNinjaPro
2025-05-03 18:36:34,583 INFO     twitter_scanner: fetch_profile_info: bio='Contact our admins:t.me/CEOAir...', created=2021-06-14 16:30:00, tweets_count=929
2025-05-03 18:36:34,589 INFO     twitter_scanner: > FILTER_ACCOUNT_AGE_MAX_DAYS - continue
2025-05-03 18:36:34,591 INFO     twitter_scanner: tweet_date: Apr 30, 2025 · 1:04 PM UTC
2025-05-03 18:36:39,595 INFO     twitter_scanner: fetch_profile_info: Trying https://nitter.privacydev.net/AirdropHero69
2025-05-03 18:36:40,398 WARNING  twitter_scanner: fetch_profile_info: Error on https://nitter.privacydev.net: 429 Client Error: Too Many Requests for url: https://nitter.privacydev.net/AirdropHero69
2025-05-03 18:36:39,863 INFO     twitter_scanner: fetch_profile_info: Trying https://nitter.aishiteiru.moe/AirdropHero69
2025-05-03 18:36:41,083 INFO     twitter_scanner: fetch_profile_info: bio='Discover the best free and pre...', created=2018-10-18 01:37:00, tweets_count=55
2025-05-03 18:36:41,087 INFO     twitter_scanner: > FILTER_ACCOUNT_AGE_MAX_DAYS - continue
2025-05-03 18:36:41,090 INFO     twitter_scanner: tweet_date: May 3, 2025 · 9:22 AM UTC
2025-05-03 18:36:46,096 INFO     twitter_scanner: fetch_profile_info: Trying https://nitter.privacydev.net/Captaindefii
2025-05-03 18:36:47,288 WARNING  twitter_scanner: fetch_profile_info: Error on https://nitter.privacydev.net: 429 Client Error: Too Many Requests for url: https://nitter.privacydev.net/Captaindefii
2025-05-03 18:36:48,291 INFO     twitter_scanner: fetch_profile_info: Trying https://nitter.aishiteiru.moe/Captaindefii
2025-05-03 18:36:50,477 INFO     twitter_scanner: fetch_profile_info: bio='I'm a highly skilled crypto co...', created=2020-04-24 18:30:00, tweets_count=176324
2025-05-03 18:36:50,481 INFO     twitter_scanner: > FILTER_ACCOUNT_AGE_MAX_DAYS - continue
2025-05-03 18:36:55,535 INFO     twitter_scanner: scan_twitter: go next cursor
2025-05-03 18:36:55,536 INFO     twitter_scanner: Fetching: https://nitter.aishiteiru.moe/search?f=tweets&q=%27a16z%27%20OR%20%27binance%20labs%27%20OR%20%27paradigm%27%20OR%20%27testnet%27%20OR%20%27zk%27%20OR%20%27l2%27%20OR%20%27galxe%27%20OR%20%27zealy%27%20OR%20%27points%27%20OR%20%27farm%27%20OR%20%27airdrop%27%20since%3A2025-04-26&cursor=DAADDAABCgABGqC4YJ4W0CQKAAIaoLeCs9cBvAAIAAIAAAACCAADAAAAAAgABAAAAAAKAAUaoLhlpcAnEAoABhqguGWlv9jwAAA
2025-05-03 18:36:57,620 INFO     twitter_scanner: Status: 200, Length: 29202
2025-05-03 18:36:57,660 INFO     twitter_scanner: Success: https://nitter.aishiteiru.moe/search?f=tweets&q=%27a16z%27%20OR%20%27binance%20labs%27%20OR%20%27paradigm%27%20OR%20%27testnet%27%20OR%20%27zk%27%20OR%20%27l2%27%20OR%20%27galxe%27%20OR%20%27zealy%27%20OR%20%27points%27%20OR%20%27farm%27%20OR%20%27airdrop%27%20since%3A2025-04-26&cursor=DAADDAABCgABGqC4YJ4W0CQKAAIaoLeCs9cBvAAIAAIAAAACCAADAAAAAAgABAAAAAAKAAUaoLhlpcAnEAoABhqguGWlv9jwAAA
2025-05-03 18:36:57,670 INFO     twitter_scanner: username:  - continue
2025-05-03 18:36:57,672 INFO     twitter_scanner: tweet_date: May 3, 2025 · 9:18 AM UTC
2025-05-03 18:37:02,675 INFO     twitter_scanner: fetch_profile_info: Trying https://nitter.privacydev.net/hanhdo_
2025-05-03 18:37:03,504 WARNING  twitter_scanner: fetch_profile_info: Error on https://nitter.privacydev.net: 429 Client Error: Too Many Requests for url: https://nitter.privacydev.net/hanhdo_
2025-05-03 18:37:04,510 INFO     twitter_scanner: fetch_profile_info: Trying https://nitter.aishiteiru.moe/hanhdo_
2025-05-03 18:37:06,243 INFO     twitter_scanner: fetch_profile_info: bio='Happiness in spreading values ...', created=2020-07-12 16:22:00, tweets_count=3734
2025-05-03 18:37:06,246 INFO     twitter_scanner: > FILTER_ACCOUNT_AGE_MAX_DAYS - continue
2025-05-03 18:37:06,249 INFO     twitter_scanner: tweet_date: May 3, 2025 · 5:30 AM UTC
2025-05-03 18:37:09,710 INFO     twitter_scanner: fetch_profile_info: Trying https://nitter.privacydev.net/duta_crypto
2025-05-03 18:37:10,342 WARNING  twitter_scanner: fetch_profile_info: Error on https://nitter.privacydev.net: 429 Client Error: Too Many Requests for url: https://nitter.privacydev.net/duta_crypto
2025-05-03 18:37:11,343 INFO     twitter_scanner: fetch_profile_info: Trying https://nitter.aishiteiru.moe/duta_crypto
2025-05-03 18:37:12,950 INFO     twitter_scanner: fetch_profile_info: bio='Owner Youtube Duta Crypto // A...', created=2021-04-10 07:32:00, tweets_count=5379
2025-05-03 18:37:12,954 INFO     twitter_scanner: > FILTER_ACCOUNT_AGE_MAX_DAYS - continue
2025-05-03 18:37:12,956 INFO     twitter_scanner: tweet_date: May 1, 2025 · 5:39 PM UTC
2025-05-03 18:37:17,959 INFO     twitter_scanner: fetch_profile_info: Trying https://nitter.privacydev.net/Chain_Grid
2025-05-03 18:37:18,669 WARNING  twitter_scanner: fetch_profile_info: Error on https://nitter.privacydev.net: 429 Client Error: Too Many Requests for url: https://nitter.privacydev.net/Chain_Grid
2025-05-03 18:37:19,672 INFO     twitter_scanner: fetch_profile_info: Trying https://nitter.aishiteiru.moe/Chain_Grid
2025-05-03 18:37:20,956 INFO     twitter_scanner: fetch_profile_info: bio='ChainGrid: Empowering Decentra...', created=2024-02-22 14:03:00, tweets_count=206
2025-05-03 18:37:20,963 INFO     twitter_scanner: > FILTER_ACCOUNT_AGE_MAX_DAYS - continue
2025-05-03 18:37:20,967 INFO     twitter_scanner: tweet_date: Apr 23, 2025 · 1:02 PM UTC
2025-05-03 18:37:20,968 INFO     twitter_scanner: age_tweet_days > FILTER_AGE_TWEET_DAYS_MAX - continue
2025-05-03 18:37:20,970 INFO     twitter_scanner: tweet_date: May 2, 2025 · 10:05 AM UTC
2025-05-03 18:37:25,993 INFO     twitter_scanner: fetch_profile_info: Trying https://nitter.privacydev.net/BlumTalk
2025-05-03 18:37:26,878 WARNING  twitter_scanner: fetch_profile_info: Error on https://nitter.privacydev.net: 429 Client Error: Too Many Requests for url: https://nitter.privacydev.net/BlumTalk
2025-05-03 18:37:27,894 INFO     twitter_scanner: fetch_profile_info: Trying https://nitter.aishiteiru.moe/BlumTalk
2025-05-03 18:37:29,175 INFO     twitter_scanner: fetch_profile_info: bio='DM for Business & Promotion “N...', created=2023-12-14 11:52:00, tweets_count=2615
2025-05-03 18:37:29,180 INFO     twitter_scanner: > FILTER_ACCOUNT_AGE_MAX_DAYS - continue
2025-05-03 18:37:29,185 INFO     twitter_scanner: tweet_date: May 3, 2025 · 9:22 AM UTC
2025-05-03 18:37:29,188 INFO     twitter_scanner: fault user in BD: {'username': 'Captaindefii', 'bio': "I'm a highly skilled crypto content creator. Having worked with top-tier projects (Kaiser,@Since_Networkamb)🐢 3PQbSds9msUwwhDxTbDLxuVMrvdBLR7gzdh -$Waves", 'created': datetime.datetime(2020, 4, 24, 18, 30), 'followers_count': 7971, 'tweets_count': 176324}
2025-05-03 18:37:29,196 INFO     twitter_scanner: scan_twitter: Returning 0 parsed tweets
2025-05-03 18:37:29,200 ERROR    twitter_scanner: Ошибка при /scan:
Traceback (most recent call last):
  File "/home/mvv/EarlyCryptoWatcherBot/twitter_scanner.py", line 328, in command_scan
    await broadcast_to_subscribers('❌ Перспективные новые проекты не найдены.')
          ^^^^^^^^^^^^^^^^^^^^^^^^^^^^^^^^^^^^^^^^^^^^^^^^^^^^^^^^^^^^^^^^^^^^^^
TypeError: broadcast_to_subscribers() missing 1 required positional argument: 'message'
